nohup: ignoring input
[2026-03-13 11:43:36 +0000] [522194] [INFO] Starting gunicorn 25.1.0
[2026-03-13 11:43:36 +0000] [522194] [INFO] Listening at: http://0.0.0.0:8001 (522194)
[2026-03-13 11:43:36 +0000] [522194] [INFO] Using worker: uvicorn.workers.UvicornWorker
[2026-03-13 11:43:36 +0000] [522194] [INFO] Control socket listening at /home/ubuntu/pdf_ai_review/gunicorn.ctl
[2026-03-20 12:29:44 +0000] [3400383] [INFO] Starting gunicorn 25.1.0
[2026-03-20 12:29:44 +0000] [3400383] [INFO] Listening at: http://0.0.0.0:8001 (3400383)
[2026-03-20 12:29:44 +0000] [3400383] [INFO] Using worker: uvicorn.workers.UvicornWorker
[2026-03-20 12:29:44 +0000] [3400383] [INFO] Control socket listening at /home/ubuntu/pdf_ai_review/gunicorn.ctl
[2026-03-20 12:29:44 +0000] [3400387] [INFO] Booting worker with pid: 3400387
[2026-03-20 12:30:24 +0000] [3400387] [INFO] Started server process [3400387]
[2026-03-20 12:30:24 +0000] [3400387] [INFO] Waiting for application startup.
[2026-03-20 12:30:24 +0000] [3400387] [INFO] Application startup complete.
[2026-03-20 12:35:12 +0000] [3400383] [INFO] Handling signal: int
[2026-03-20 12:35:12 +0000] [3400387] [INFO] Shutting down
[2026-03-20 12:35:12 +0000] [3400387] [INFO] Waiting for application shutdown.
[2026-03-20 12:35:12 +0000] [3400387] [INFO] Application shutdown complete.
[2026-03-20 12:35:12 +0000] [3400387] [INFO] Finished server process [3400387]
[2026-03-20 12:35:14 +0000] [3400383] [WARNING] Worker (pid:3400387) was sent SIGINT!
[2026-03-20 12:35:14 +0000] [3400383] [INFO] Shutting down: Master
[2026-03-20 12:35:14 +0000] [3402660] [INFO] Starting gunicorn 25.1.0
[2026-03-20 12:35:14 +0000] [3402660] [INFO] Listening at: http://0.0.0.0:8001 (3402660)
[2026-03-20 12:35:14 +0000] [3402660] [INFO] Using worker: uvicorn.workers.UvicornWorker
[2026-03-20 12:35:14 +0000] [3402660] [INFO] Control socket listening at /home/ubuntu/pdf_ai_review/gunicorn.ctl
[2026-03-20 12:35:14 +0000] [3402662] [INFO] Booting worker with pid: 3402662
[2026-03-20 12:35:53 +0000] [3402662] [INFO] Started server process [3402662]
[2026-03-20 12:35:53 +0000] [3402662] [INFO] Waiting for application startup.
[2026-03-20 12:35:53 +0000] [3402662] [INFO] Application startup complete.
[2026-03-20 12:39:25 +0000] [3402660] [INFO] Handling signal: int
[2026-03-20 12:39:26 +0000] [3402662] [INFO] Shutting down
[2026-03-20 12:39:26 +0000] [3402662] [INFO] Waiting for application shutdown.
[2026-03-20 12:39:26 +0000] [3402662] [INFO] Application shutdown complete.
[2026-03-20 12:39:26 +0000] [3402662] [INFO] Finished server process [3402662]
[2026-03-20 12:39:28 +0000] [3402660] [WARNING] Worker (pid:3402662) was sent SIGINT!
[2026-03-20 12:39:28 +0000] [3402660] [INFO] Shutting down: Master
[2026-03-20 12:39:28 +0000] [3404638] [INFO] Starting gunicorn 25.1.0
[2026-03-20 12:39:28 +0000] [3404638] [INFO] Listening at: http://0.0.0.0:8001 (3404638)
[2026-03-20 12:39:28 +0000] [3404638] [INFO] Using worker: uvicorn.workers.UvicornWorker
[2026-03-20 12:39:28 +0000] [3404638] [INFO] Control socket listening at /home/ubuntu/pdf_ai_review/gunicorn.ctl
[2026-03-20 12:39:28 +0000] [3404641] [INFO] Booting worker with pid: 3404641
[2026-03-20 12:40:09 +0000] [3404641] [INFO] Started server process [3404641]
[2026-03-20 12:40:09 +0000] [3404641] [INFO] Waiting for application startup.
[2026-03-20 12:40:09 +0000] [3404641] [INFO] Application startup complete.
[2026-03-20 12:47:28 +0000] [3404638] [INFO] Handling signal: int
[2026-03-20 12:47:29 +0000] [3404641] [INFO] Shutting down
[2026-03-20 12:47:29 +0000] [3404641] [INFO] Waiting for application shutdown.
[2026-03-20 12:47:29 +0000] [3404641] [INFO] Application shutdown complete.
[2026-03-20 12:47:29 +0000] [3404641] [INFO] Finished server process [3404641]
[2026-03-20 12:47:31 +0000] [3404638] [WARNING] Worker (pid:3404641) was sent SIGINT!
[2026-03-20 12:47:31 +0000] [3404638] [INFO] Shutting down: Master
[2026-03-20 12:47:31 +0000] [3407507] [INFO] Starting gunicorn 25.1.0
[2026-03-20 12:47:31 +0000] [3407507] [INFO] Listening at: http://0.0.0.0:8001 (3407507)
[2026-03-20 12:47:31 +0000] [3407507] [INFO] Using worker: uvicorn.workers.UvicornWorker
[2026-03-20 12:47:31 +0000] [3407507] [INFO] Control socket listening at /home/ubuntu/pdf_ai_review/gunicorn.ctl
[2026-03-20 12:47:31 +0000] [3407509] [INFO] Booting worker with pid: 3407509
[2026-03-20 12:48:11 +0000] [3407509] [INFO] Started server process [3407509]
[2026-03-20 12:48:11 +0000] [3407509] [INFO] Waiting for application startup.
[2026-03-20 12:48:11 +0000] [3407509] [INFO] Application startup complete.
